# JRE version: Java(TM) SE Runtime Environment (17.0.12+8) (build 17.0.12+8-LTS-286)
# Java VM: Java HotSpot(TM) 64-Bit Server VM (17.0.12+8-LTS-286, mixed mode, sharing, tiered, compressed oops, compressed class ptrs, g1 gc, windows-amd64)
GC Precious Log:
 CPUs: 4 total, 4 available
 Memory: 8073M
 Large Page Support: Disabled
 NUMA Support: Disabled
 Compressed Oops: Enabled (32-bit)
 Heap Region Size: 1M
 Heap Min Capacity: 8M
 Heap Initial Capacity: 128M
 Heap Max Capacity: 2020M
 Pre-touch: Disabled
 Parallel Workers: 4
 Concurrent Workers: 1
 Concurrent Refinement Workers: 4
 Periodic GC: Disabled
Heap:
 garbage-first heap   total 57344K, used 30030K [0x0000000081c00000, 0x0000000100000000)
  region size 1024K, 4 young (4096K), 2 survivors (2048K)
 Metaspace       used 65295K, committed 65920K, reserved 1114112K
  class space    used 8905K, committed 9216K, reserved 1048576K
GC Heap History (20 events):
Event: 19.970 GC heap before
{Heap before GC invocations=10 (full 0):
 garbage-first heap   total 57344K, used 43824K [0x0000000081c00000, 0x0000000100000000)
  region size 1024K, 25 young (25600K), 3 survivors (3072K)
 Metaspace       used 40565K, committed 40960K, reserved 1114112K
  class space    used 5201K, committed 5376K, reserved 1048576K
}
Event: 19.976 GC heap after
{Heap after GC invocations=11 (full 0):
 garbage-first heap   total 57344K, used 21588K [0x0000000081c00000, 0x0000000100000000)
  region size 1024K, 2 young (2048K), 2 survivors (2048K)
 Metaspace       used 40565K, committed 40960K, reserved 1114112K
  class space    used 5201K, committed 5376K, reserved 1048576K
}
Event: 20.035 GC heap before
{Heap before GC invocations=11 (full 0):
 garbage-first heap   total 57344K, used 22612K [0x0000000081c00000, 0x0000000100000000)
  region size 1024K, 3 young (3072K), 2 survivors (2048K)
 Metaspace       used 40722K, committed 41152K, reserved 1114112K
  class space    used 5234K, committed 5440K, reserved 1048576K
}
Event: 20.040 GC heap after
{Heap after GC invocations=12 (full 0):
 garbage-first heap   total 57344K, used 21654K [0x0000000081c00000, 0x0000000100000000)
  region size 1024K, 1 young (1024K), 1 survivors (1024K)
 Metaspace       used 40722K, committed 41152K, reserved 1114112K
  class space    used 5234K, committed 5440K, reserved 1048576K
}
Event: 21.825 GC heap before
{Heap before GC invocations=12 (full 0):
 garbage-first heap   total 57344K, used 43158K [0x0000000081c00000, 0x0000000100000000)
  region size 1024K, 23 young (23552K), 1 survivors (1024K)
 Metaspace       used 45520K, committed 45952K, reserved 1114112K
  class space    used 5967K, committed 6144K, reserved 1048576K
}
Event: 21.829 GC heap after
{Heap after GC invocations=13 (full 0):
 garbage-first heap   total 57344K, used 22484K [0x0000000081c00000, 0x0000000100000000)
  region size 1024K, 2 young (2048K), 2 survivors (2048K)
 Metaspace       used 45520K, committed 45952K, reserved 1114112K
  class space    used 5967K, committed 6144K, reserved 1048576K
}
Event: 23.179 GC heap before
{Heap before GC invocations=13 (full 0):
 garbage-first heap   total 57344K, used 43988K [0x0000000081c00000, 0x0000000100000000)
  region size 1024K, 24 young (24576K), 2 survivors (2048K)
 Metaspace       used 50666K, committed 51200K, reserved 1114112K
  class space    used 6723K, committed 6976K, reserved 1048576K
}
Event: 23.184 GC heap after
{Heap after GC invocations=14 (full 0):
 garbage-first heap   total 57344K, used 23399K [0x0000000081c00000, 0x0000000100000000)
  region size 1024K, 2 young (2048K), 2 survivors (2048K)
 Metaspace       used 50666K, committed 51200K, reserved 1114112K
  class space    used 6723K, committed 6976K, reserved 1048576K
}
Event: 24.849 GC heap before
{Heap before GC invocations=14 (full 0):
 garbage-first heap   total 57344K, used 44903K [0x0000000081c00000, 0x0000000100000000)
  region size 1024K, 24 young (24576K), 2 survivors (2048K)
 Metaspace       used 55938K, committed 56512K, reserved 1114112K
  class space    used 7550K, committed 7808K, reserved 1048576K
}
Event: 24.857 GC heap after
{Heap after GC invocations=15 (full 0):
 garbage-first heap   total 57344K, used 23936K [0x0000000081c00000, 0x0000000100000000)
  region size 1024K, 2 young (2048K), 2 survivors (2048K)
 Metaspace       used 55938K, committed 56512K, reserved 1114112K
  class space    used 7550K, committed 7808K, reserved 1048576K
}
Event: 26.651 GC heap before
{Heap before GC invocations=15 (full 0):
 garbage-first heap   total 57344K, used 46464K [0x0000000081c00000, 0x0000000100000000)
  region size 1024K, 24 young (24576K), 2 survivors (2048K)
 Metaspace       used 59932K, committed 60480K, reserved 1114112K
  class space    used 8077K, committed 8320K, reserved 1048576K
}
Event: 26.660 GC heap after
{Heap after GC invocations=16 (full 0):
 garbage-first heap   total 57344K, used 25493K [0x0000000081c00000, 0x0000000100000000)
  region size 1024K, 3 young (3072K), 3 survivors (3072K)
 Metaspace       used 59932K, committed 60480K, reserved 1114112K
  class space    used 8077K, committed 8320K, reserved 1048576K
}
Event: 26.794 GC heap before
{Heap before GC invocations=16 (full 0):
 garbage-first heap   total 57344K, used 27541K [0x0000000081c00000, 0x0000000100000000)
  region size 1024K, 6 young (6144K), 3 survivors (3072K)
 Metaspace       used 60234K, committed 60736K, reserved 1114112K
  class space    used 8114K, committed 8384K, reserved 1048576K
}
Event: 26.802 GC heap after
{Heap after GC invocations=17 (full 0):
 garbage-first heap   total 57344K, used 25953K [0x0000000081c00000, 0x0000000100000000)
  region size 1024K, 1 young (1024K), 1 survivors (1024K)
 Metaspace       used 60234K, committed 60736K, reserved 1114112K
  class space    used 8114K, committed 8384K, reserved 1048576K
}
Event: 28.397 GC heap before
{Heap before GC invocations=18 (full 0):
 garbage-first heap   total 57344K, used 46433K [0x0000000081c00000, 0x0000000100000000)
  region size 1024K, 21 young (21504K), 1 survivors (1024K)
 Metaspace       used 62774K, committed 63296K, reserved 1114112K
  class space    used 8547K, committed 8832K, reserved 1048576K
}
Event: 28.403 GC heap after
{Heap after GC invocations=19 (full 0):
 garbage-first heap   total 57344K, used 27324K [0x0000000081c00000, 0x0000000100000000)
  region size 1024K, 2 young (2048K), 2 survivors (2048K)
 Metaspace       used 62774K, committed 63296K, reserved 1114112K
  class space    used 8547K, committed 8832K, reserved 1048576K
}
Event: 28.472 GC heap before
{Heap before GC invocations=19 (full 0):
 garbage-first heap   total 57344K, used 28348K [0x0000000081c00000, 0x0000000100000000)
  region size 1024K, 3 young (3072K), 2 survivors (2048K)
 Metaspace       used 62886K, committed 63424K, reserved 1114112K
  class space    used 8567K, committed 8832K, reserved 1048576K
}
Event: 28.479 GC heap after
{Heap after GC invocations=20 (full 0):
 garbage-first heap   total 57344K, used 27427K [0x0000000081c00000, 0x0000000100000000)
  region size 1024K, 1 young (1024K), 1 survivors (1024K)
 Metaspace       used 62886K, committed 63424K, reserved 1114112K
  class space    used 8567K, committed 8832K, reserved 1048576K
}
Event: 29.735 GC heap before
{Heap before GC invocations=20 (full 0):
 garbage-first heap   total 57344K, used 45859K [0x0000000081c00000, 0x0000000100000000)
  region size 1024K, 19 young (19456K), 1 survivors (1024K)
 Metaspace       used 65239K, committed 65792K, reserved 1114112K
  class space    used 8893K, committed 9152K, reserved 1048576K
}
Event: 29.741 GC heap after
{Heap after GC invocations=21 (full 0):
 garbage-first heap   total 57344K, used 29006K [0x0000000081c00000, 0x0000000100000000)
  region size 1024K, 2 young (2048K), 2 survivors (2048K)
 Metaspace       used 65239K, committed 65792K, reserved 1114112K
  class space    used 8893K, committed 9152K, reserved 1048576K
}

