# JRE version: Java(TM) SE Runtime Environment (17.0.12+8) (build 17.0.12+8-LTS-286)
# Java VM: Java HotSpot(TM) 64-Bit Server VM (17.0.12+8-LTS-286, mixed mode, sharing, tiered, compressed oops, compressed class ptrs, g1 gc, windows-amd64)
GC Precious Log:
 CPUs: 4 total, 4 available
 Memory: 8073M
 Large Page Support: Disabled
 NUMA Support: Disabled
 Compressed Oops: Enabled (32-bit)
 Heap Region Size: 1M
 Heap Min Capacity: 8M
 Heap Initial Capacity: 128M
 Heap Max Capacity: 2020M
 Pre-touch: Disabled
 Parallel Workers: 4
 Concurrent Workers: 1
 Concurrent Refinement Workers: 4
 Periodic GC: Disabled
Heap:
 garbage-first heap   total 58368K, used 18747K [0x0000000081c00000, 0x0000000100000000)
  region size 1024K, 4 young (4096K), 3 survivors (3072K)
 Metaspace       used 29944K, committed 30400K, reserved 1114112K
  class space    used 3835K, committed 4032K, reserved 1048576K
GC Heap History (12 events):
Event: 1.123 GC heap before
{Heap before GC invocations=0 (full 0):
 garbage-first heap   total 131072K, used 14336K [0x0000000081c00000, 0x0000000100000000)
  region size 1024K, 13 young (13312K), 0 survivors (0K)
 Metaspace       used 3028K, committed 3200K, reserved 1114112K
  class space    used 306K, committed 384K, reserved 1048576K
}
Event: 1.140 GC heap after
{Heap after GC invocations=1 (full 0):
 garbage-first heap   total 131072K, used 7286K [0x0000000081c00000, 0x0000000100000000)
  region size 1024K, 2 young (2048K), 2 survivors (2048K)
 Metaspace       used 3028K, committed 3200K, reserved 1114112K
  class space    used 306K, committed 384K, reserved 1048576K
}
Event: 1.814 GC heap before
{Heap before GC invocations=1 (full 0):
 garbage-first heap   total 131072K, used 17526K [0x0000000081c00000, 0x0000000100000000)
  region size 1024K, 13 young (13312K), 2 survivors (2048K)
 Metaspace       used 5989K, committed 6208K, reserved 1114112K
  class space    used 695K, committed 832K, reserved 1048576K
}
Event: 1.817 GC heap after
{Heap after GC invocations=2 (full 0):
 garbage-first heap   total 131072K, used 8149K [0x0000000081c00000, 0x0000000100000000)
  region size 1024K, 1 young (1024K), 1 survivors (1024K)
 Metaspace       used 5989K, committed 6208K, reserved 1114112K
  class space    used 695K, committed 832K, reserved 1048576K
}
Event: 3.166 GC heap before
{Heap before GC invocations=2 (full 0):
 garbage-first heap   total 131072K, used 32725K [0x0000000081c00000, 0x0000000100000000)
  region size 1024K, 26 young (26624K), 1 survivors (1024K)
 Metaspace       used 12300K, committed 12672K, reserved 1114112K
  class space    used 1532K, committed 1728K, reserved 1048576K
}
Event: 3.174 GC heap after
{Heap after GC invocations=3 (full 0):
 garbage-first heap   total 131072K, used 9999K [0x0000000081c00000, 0x0000000100000000)
  region size 1024K, 3 young (3072K), 3 survivors (3072K)
 Metaspace       used 12300K, committed 12672K, reserved 1114112K
  class space    used 1532K, committed 1728K, reserved 1048576K
}
Event: 8.116 GC heap before
{Heap before GC invocations=3 (full 0):
 garbage-first heap   total 131072K, used 64271K [0x0000000081c00000, 0x0000000100000000)
  region size 1024K, 57 young (58368K), 3 survivors (3072K)
 Metaspace       used 21238K, committed 21504K, reserved 1114112K
  class space    used 2637K, committed 2752K, reserved 1048576K
}
Event: 8.134 GC heap after
{Heap after GC invocations=4 (full 0):
 garbage-first heap   total 131072K, used 14706K [0x0000000081c00000, 0x0000000100000000)
  region size 1024K, 8 young (8192K), 8 survivors (8192K)
 Metaspace       used 21238K, committed 21504K, reserved 1114112K
  class space    used 2637K, committed 2752K, reserved 1048576K
}
Event: 10.762 GC heap before
{Heap before GC invocations=5 (full 0):
 garbage-first heap   total 58368K, used 41330K [0x0000000081c00000, 0x0000000100000000)
  region size 1024K, 34 young (34816K), 8 survivors (8192K)
 Metaspace       used 25079K, committed 25472K, reserved 1114112K
  class space    used 3201K, committed 3392K, reserved 1048576K
}
Event: 10.777 GC heap after
{Heap after GC invocations=6 (full 0):
 garbage-first heap   total 58368K, used 17015K [0x0000000081c00000, 0x0000000100000000)
  region size 1024K, 3 young (3072K), 3 survivors (3072K)
 Metaspace       used 25079K, committed 25472K, reserved 1114112K
  class space    used 3201K, committed 3392K, reserved 1048576K
}
Event: 10.981 GC heap before
{Heap before GC invocations=6 (full 0):
 garbage-first heap   total 58368K, used 18039K [0x0000000081c00000, 0x0000000100000000)
  region size 1024K, 4 young (4096K), 3 survivors (3072K)
 Metaspace       used 25355K, committed 25792K, reserved 1114112K
  class space    used 3248K, committed 3456K, reserved 1048576K
}
Event: 10.986 GC heap after
{Heap after GC invocations=7 (full 0):
 garbage-first heap   total 58368K, used 17088K [0x0000000081c00000, 0x0000000100000000)
  region size 1024K, 1 young (1024K), 1 survivors (1024K)
 Metaspace       used 25355K, committed 25792K, reserved 1114112K
  class space    used 3248K, committed 3456K, reserved 1048576K
}

